import { registerInstance as __stencil_registerInstance, createEvent as __stencil_createEvent } from "@stencil/core";
import { h } from "@stencil/core";
export const DisplayTable = class {
    constructor(hostRef) {
        __stencil_registerInstance(this, hostRef);
        this.initialData = [];
        this.keys = ["gender", "nat", "email"];
        this.data = [];
        this.dataToDisplay = [];
        this.globalKeyword = "";
        this.columnKeywords = ["", "", ""];
        this.columnSort = ["", "", ""];
        this.page = 1;
        this.nextPage = () => {
            if (this.data.length % this.pageSize === 0) {
                if (this.page < this.data.length / this.pageSize) {
                    this.page = this.page + 1;
                }
            }
            else {
                if (this.page <= this.data.length / this.pageSize) {
                    this.page = this.page + 1;
                }
            }
        };
        this.prevPage = () => {
            if (this.page > 1) {
                this.page = this.page - 1;
            }
        };
        this.getData = __stencil_createEvent(this, "getData", 7);
    }
    componentDidLoad() {
        this.getDataHandler();
    }
    componentWillRender() {
        this.handleData();
    }
    getDataHandler() {
        this.getData.emit({
            url: this.url,
            results: this.results,
            callback: data => {
                this.initialData = data.results;
                this.data = data.results;
            }
        });
    }
    handleData() {
        let index;
        this.data = this.initialData;
        if (this.globalKeyword !== "") {
            this.filterGlobally();
        }
        if (!this.columnKeywords.every(function (item) {
            return item === "";
        })) {
            this.filterColumn();
        }
        if (!this.columnSort.every(function (item) {
            return item === "";
        })) {
            let order = this.columnSort.find(function (item) {
                return item !== "";
            });
            index = this.columnSort.findIndex(function (item) {
                return item !== "";
            });
            this.sortColumn(this.keys[index], order);
        }
    }
    filterGlobally() {
        let tempKeys = this.keys;
        let gWords = this.globalKeyword.split(" ");
        for (let i = 0; i < gWords.length; i++) {
            this.data = this.data.filter(function (item) {
                for (let j = 0; j < tempKeys.length; j++) {
                    if (item[tempKeys[j]].toLowerCase().includes(gWords[i].toLowerCase())) {
                        return true;
                    }
                    // if (item[tempKeys[j]].toLowerCase() === gWords[i].toLowerCase()) {
                    //   return true;
                    // }
                }
            });
        }
    }
    filterColumn() {
        let tempKeys = this.keys;
        for (let i = 0; i < this.columnKeywords.length; i++) {
            if (this.columnKeywords[i] !== "") {
                let keyWords = this.columnKeywords[i].split(" ");
                for (let j = 0; j < keyWords.length; j++) {
                    this.data = this.data.filter(function (item) {
                        // if (
                        //   item[tempKeys[i]]
                        //     .toLowerCase()
                        //     .includes(keyWords[j].toLowerCase())
                        // ) {
                        //   return true;
                        // }
                        if (item[tempKeys[i]].toLowerCase() === keyWords[j].toLowerCase()) {
                            return true;
                        }
                    });
                }
            }
        }
    }
    sortColumn(key, order) {
        this.data = this.data.sort(this.compareValues(key, order));
    }
    compareValues(key, order = "asc") {
        return function (a, b) {
            if (!a.hasOwnProperty(key) || !b.hasOwnProperty(key)) {
                return 0;
            }
            const varA = typeof a[key] == "string" ? a[key].toLowerCase() : a[key];
            const varB = typeof b[key] == "string" ? b[key].toLowerCase() : b[key];
            let comparison = 0;
            if (varA > varB) {
                comparison = 1;
            }
            else if (varB > varA) {
                comparison = -1;
            }
            return order == "desc" ? comparison * -1 : comparison;
        };
    }
    changeGlobalKeyword(e) {
        this.globalKeyword = e.target.value.toString();
    }
    changeColumnKeyword(e, key) {
        this.columnKeywords = this.columnKeywords.map((item, index) => {
            if (index === key) {
                return e.target.value.toString();
            }
            else {
                return item;
            }
        });
    }
    changeOrder(key) {
        let temporaryValue;
        if (this.columnSort[key] === "" || this.columnSort[key] === "asc") {
            temporaryValue = "desc";
        }
        else {
            temporaryValue = "asc";
        }
        this.columnSort = this.columnSort.map((item, index) => {
            if (index === key) {
                item = temporaryValue;
            }
            else {
                item = "";
            }
            return item;
        });
    }
    render() {
        let temp = this.pageSize * (this.page - 1);
        let dataToDisplay = this.data.slice(temp, temp + this.pageSize);
        return (h("div", { class: "bigWrapper" }, h("div", { class: "header" }, h("div", { class: "headerText" }, "Search"), h("input", { value: this.globalKeyword, onChange: e => {
                this.changeGlobalKeyword(e);
            } })), h("div", { class: "tableHeader" }, h("div", { class: "field" }, h("div", { class: "sortBtn", onClick: () => {
                this.changeOrder(0);
            } }, "Gender \u2207"), h("input", { value: this.columnKeywords[0], onChange: e => {
                this.changeColumnKeyword(e, 0);
            } })), h("div", { class: "field" }, h("div", { class: "sortBtn", onClick: () => {
                this.changeOrder(1);
            } }, "Nationality \u2207"), h("input", { value: this.columnKeywords[1], onChange: e => {
                this.changeColumnKeyword(e, 1);
            } })), h("div", { class: "field" }, h("div", { class: "sortBtn", onClick: () => {
                this.changeOrder(2);
            } }, "Email Adress \u2207"), h("input", { value: this.columnKeywords[2], onChange: e => {
                this.changeColumnKeyword(e, 2);
            } }))), this.initialData.length === 0 ? (h("div", { class: "popUp" }, "Loading...")) : (h("div", null, h("table", null, h("tbody", null, dataToDisplay.length !== 0 ? (dataToDisplay.map(row => (h("tr", null, h("td", null, row.gender), h("td", null, row.nat), h("td", null, row.email))))) : (h("div", { class: "popUp" }, "No results found")))), h("div", { class: "footer" }, h("div", { class: "btn", onClick: this.prevPage }, "Previous Page"), h("div", { class: "pageNumber" }, this.page), h("div", { class: "btn", onClick: this.nextPage }, "Next Page"))))));
    }
    static get style() { return "STYLE_TEXT_PLACEHOLDER:app-display-table"; }
};
